<?xml version="1.0" encoding="UTF-8"?>
<!-- Generated by org.testng.reporters.JUnitReportReporter -->
<testsuite hostname="DESKTOP-NSC2O0H" failures="0" tests="1" name="testcases.TC_001Test" time="0.000" errors="0" timestamp="2022-05-19T12:12:04 IST" skipped="1">
  <testcase classname="testcases.TC_001Test" name="BaseNavigation" time="0.000">
    <skipped/>
  </testcase> <!-- BaseNavigation -->
  <system-out/>
</testsuite> <!-- testcases.TC_001Test -->
